{"logTime": "0523/042348", "correlationVector":"ca8bsU0OacYS8VuumbcVOq.1","action":"SyncServerConnectionManagerRequest", "result":"SYNC_SERVER_OK", "context":{"environment":"Prod_EastUS2_000e", "migrationStage":"NotStarted", "server":"GENERAL01000008"}}
{"logTime": "0523/042348", "correlationVector":"ca8bsU0OacYS8VuumbcVOq","action":"Initial GetUpdates", "result":"", "context":Reason: NEW_CLIENT. cV=ca8bsU0OacYS8VuumbcVOq}
{"logTime": "0523/042348", "correlationVector":"ca8bsU0OacYS8VuumbcVOq.2","action":"GetUpdates Response", "result":"Success", "context":Received 1 update(s). cV=ca8bsU0OacYS8VuumbcVOq.0;server=GENERAL01000008;cloudType=Consumer;environment=Prod_EastUS2_000e;migrationStage=NotStarted}
{"logTime": "0523/042355", "correlationVector":"q79usMy2jGvz2dc0UWosdv","action":"SyncServerConnectionManagerRequest", "result":"SYNC_SERVER_OK", "context":{"environment":"", "migrationStage":"", "server":""}}
{"logTime": "0523/042355", "correlationVector":"nV/pKhiV/G1uGn92dihi5d","action":"Initial GetUpdates", "result":"", "context":Reason: NEW_CLIENT. cV=nV/pKhiV/G1uGn92dihi5d}
{"logTime": "0523/042355", "correlationVector":"nV/pKhiV/G1uGn92dihi5d.1","action":"SyncServerConnectionManagerRequest", "result":"SYNC_SERVER_OK", "context":{"environment":"Prod_EastUS2_000e", "migrationStage":"NotStarted", "server":"GENERAL0100002V"}}
{"logTime": "0523/042355", "correlationVector":"nV/pKhiV/G1uGn92dihi5d.2","action":"GetUpdates Response", "result":"Success", "context":Received 126 update(s). cV=nV/pKhiV/G1uGn92dihi5d.0;server=GENERAL0100002V;cloudType=Consumer;environment=Prod_EastUS2_000e;migrationStage=NotStarted}
{"logTime": "0523/042355", "correlationVector":"pNdUJqzl+KDeWt/kPYdZ4t","action":"Initial GetUpdates", "result":"", "context":Reason: NEWLY_SUPPORTED_DATATYPE. cV=pNdUJqzl+KDeWt/kPYdZ4t}
{"logTime": "0523/042356", "correlationVector":"pNdUJqzl+KDeWt/kPYdZ4t.1","action":"SyncServerConnectionManagerRequest", "result":"SYNC_SERVER_OK", "context":{"environment":"Prod_EastUS2_000e", "migrationStage":"NotStarted", "server":"GENERAL01000032"}}
{"logTime": "0523/042356", "correlationVector":"pNdUJqzl+KDeWt/kPYdZ4t.2","action":"GetUpdates", "result":"DeleteReceived", "context":{"id":"71b033dc-aa31-4f19-a234-2e9f47a074cb", "isDeleted:":"true", "version":"1697729978668"}}
{"logTime": "0523/042356", "correlationVector":"pNdUJqzl+KDeWt/kPYdZ4t.3","action":"GetUpdates", "result":"DeleteReceived", "context":{"id":"94050668-914e-4bb1-92e0-2601cb4f42ed", "isDeleted:":"true", "version":"1707789882091"}}
{"logTime": "0523/042356", "correlationVector":"pNdUJqzl+KDeWt/kPYdZ4t.4","action":"GetUpdates", "result":"DeleteReceived", "context":{"id":"72197eae-1a05-44cb-b96b-e562850c56e4", "isDeleted:":"true", "version":"1707789885587"}}
{"logTime": "0523/042356", "correlationVector":"pNdUJqzl+KDeWt/kPYdZ4t.5","action":"GetUpdates Response", "result":"Success", "context":Received 29 update(s). cV=pNdUJqzl+KDeWt/kPYdZ4t.0;server=GENERAL01000032;cloudType=Consumer;environment=Prod_EastUS2_000e;migrationStage=NotStarted}
{"logTime": "0523/042356", "correlationVector":"X5h8EpCqOLZW3Ezb1hjPa9","action":"Initial GetUpdates", "result":"", "context":Reason: NEWLY_SUPPORTED_DATATYPE. cV=X5h8EpCqOLZW3Ezb1hjPa9}
{"logTime": "0523/042356", "correlationVector":"X5h8EpCqOLZW3Ezb1hjPa9.1","action":"SyncServerConnectionManagerRequest", "result":"SYNC_SERVER_OK", "context":{"environment":"Prod_EastUS2_000e", "migrationStage":"NotStarted", "server":"GENERAL01000038"}}
{"logTime": "0523/042356", "correlationVector":"X5h8EpCqOLZW3Ezb1hjPa9.2","action":"GetUpdates Response", "result":"Success", "context":Received 195 update(s). cV=X5h8EpCqOLZW3Ezb1hjPa9.0;server=GENERAL01000038;cloudType=Consumer;environment=Prod_EastUS2_000e;migrationStage=NotStarted}
{"logTime": "0523/042356", "correlationVector":"+t1MgUVJHdUL/f02EbqtO8","action":"Normal GetUpdate request", "result":"", "context":cV=+t1MgUVJHdUL/f02EbqtO8
Nudged types: Bookmarks, Device Info, User Consents
Refresh requested types: Bookmarks, Preferences, Passwords, Autofill Profiles, Autofill, Extensions, Extension settings, Device Info, User Consents, Send Tab To Self, Web Apps, Collection, Edge E Drop, Edge Hub App Usage, Edge Wallet, Encryption Keys}
{"logTime": "0523/042356", "correlationVector":"+t1MgUVJHdUL/f02EbqtO8.1","action":"SyncServerConnectionManagerRequest", "result":"SYNC_SERVER_OK", "context":{"environment":"Prod_EastUS2_000e", "migrationStage":"NotStarted", "server":"GENERAL0100002Z"}}
{"logTime": "0523/042356", "correlationVector":"+t1MgUVJHdUL/f02EbqtO8.2","action":"GetUpdates Response", "result":"Success", "context":Received 0 update(s). cV=+t1MgUVJHdUL/f02EbqtO8.0;server=GENERAL0100002Z;cloudType=Consumer;environment=Prod_EastUS2_000e;migrationStage=NotStarted}
{"logTime": "0523/042356", "correlationVector":"zF6dWs/PD5dlKIQ7KXRcRk","action":"Commit Request", "result":"", "context":Item count: 22
Contributing types: Bookmarks, Device Info, User Consents}
{"logTime": "0523/042357", "correlationVector":"zF6dWs/PD5dlKIQ7KXRcRk.1","action":"SyncServerConnectionManagerRequest", "result":"SYNC_SERVER_OK", "context":{"environment":"Prod_EastUS2_000e", "migrationStage":"NotStarted", "server":"GENERAL0100000T"}}
{"logTime": "0523/042357", "correlationVector":"zF6dWs/PD5dlKIQ7KXRcRk.2","action":"Commit Response", "result":"Success", "context":Result: Success. cV=zF6dWs/PD5dlKIQ7KXRcRk.0;server=GENERAL0100000T;cloudType=Consumer;environment=Prod_EastUS2_000e;migrationStage=NotStarted}
{"logTime": "0523/042358", "correlationVector":"2IFLBFFvx38+K/NiXMswBu","action":"Normal GetUpdate request", "result":"", "context":cV=2IFLBFFvx38+K/NiXMswBu
Nudged types: Device Info}
{"logTime": "0523/042358", "correlationVector":"2IFLBFFvx38+K/NiXMswBu.1","action":"SyncServerConnectionManagerRequest", "result":"SYNC_SERVER_OK", "context":{"environment":"Prod_EastUS2_000e", "migrationStage":"NotStarted", "server":"GENERAL0100002F"}}
{"logTime": "0523/042358", "correlationVector":"2IFLBFFvx38+K/NiXMswBu.2","action":"GetUpdates Response", "result":"Success", "context":Received 21 update(s). cV=2IFLBFFvx38+K/NiXMswBu.0;server=GENERAL0100002F;cloudType=Consumer;environment=Prod_EastUS2_000e;migrationStage=NotStarted}
{"logTime": "0523/042413", "correlationVector":"xRrmzSP1hQFoq0GWnEtI8g","action":"Normal GetUpdate request", "result":"", "context":cV=xRrmzSP1hQFoq0GWnEtI8g
Nudged types: Preferences, Passwords}
{"logTime": "0523/042413", "correlationVector":"xRrmzSP1hQFoq0GWnEtI8g.1","action":"SyncServerConnectionManagerRequest", "result":"SYNC_SERVER_OK", "context":{"environment":"Prod_EastUS2_000e", "migrationStage":"NotStarted", "server":"GENERAL0100000T"}}
{"logTime": "0523/042413", "correlationVector":"xRrmzSP1hQFoq0GWnEtI8g.2","action":"GetUpdates Response", "result":"Success", "context":Received 0 update(s). cV=xRrmzSP1hQFoq0GWnEtI8g.0;server=GENERAL0100000T;cloudType=Consumer;environment=Prod_EastUS2_000e;migrationStage=NotStarted}
{"logTime": "0523/042413", "correlationVector":"FAU/VzgUGxmsAhnilX+qQu","action":"Commit Request", "result":"", "context":Item count: 40
Contributing types: Passwords}
{"logTime": "0523/042415", "correlationVector":"FAU/VzgUGxmsAhnilX+qQu.1","action":"SyncServerConnectionManagerRequest", "result":"SYNC_SERVER_OK", "context":{"environment":"Prod_EastUS2_000e", "migrationStage":"NotStarted", "server":"GENERAL01000036"}}
{"logTime": "0523/042415", "correlationVector":"FAU/VzgUGxmsAhnilX+qQu.2","action":"Commit Response", "result":"Success", "context":Result: Success. cV=FAU/VzgUGxmsAhnilX+qQu.0;server=GENERAL01000036;cloudType=Consumer;environment=Prod_EastUS2_000e;migrationStage=NotStarted}
{"logTime": "0523/042415", "correlationVector":"lkMgvdGjqCPeGkoFBJT/on","action":"Commit Request", "result":"", "context":Item count: 6
Contributing types: Preferences, Passwords}
{"logTime": "0523/042415", "correlationVector":"lkMgvdGjqCPeGkoFBJT/on.1","action":"SyncServerConnectionManagerRequest", "result":"SYNC_SERVER_OK", "context":{"environment":"Prod_EastUS2_000e", "migrationStage":"NotStarted", "server":"GENERAL0100001Y"}}
{"logTime": "0523/042415", "correlationVector":"lkMgvdGjqCPeGkoFBJT/on.2","action":"Commit Response", "result":"Success", "context":Result: Success. cV=lkMgvdGjqCPeGkoFBJT/on.0;server=GENERAL0100001Y;cloudType=Consumer;environment=Prod_EastUS2_000e;migrationStage=NotStarted}
{"logTime": "0523/042441", "correlationVector":"RanBiSdnIWLRITzk9Aiw15","action":"Commit Request", "result":"", "context":Item count: 1
Contributing types: Autofill Profiles}
{"logTime": "0523/042442", "correlationVector":"RanBiSdnIWLRITzk9Aiw15.1","action":"SyncServerConnectionManagerRequest", "result":"SYNC_SERVER_OK", "context":{"environment":"Prod_EastUS2_000e", "migrationStage":"NotStarted", "server":"GENERAL01000011"}}
{"logTime": "0523/042442", "correlationVector":"RanBiSdnIWLRITzk9Aiw15.2","action":"Commit Response", "result":"Success", "context":Result: Success. cV=RanBiSdnIWLRITzk9Aiw15.0;server=GENERAL01000011;cloudType=Consumer;environment=Prod_EastUS2_000e;migrationStage=NotStarted}
{"logTime": "0523/042845", "correlationVector":"8q6+BzaF0TyHSoss7DlZZM","action":"Normal GetUpdate request", "result":"", "context":cV=8q6+BzaF0TyHSoss7DlZZM
Refresh requested types: Bookmarks, Preferences, Passwords, Autofill Profiles, Autofill, Extensions, Extension settings, Device Info, User Consents, Send Tab To Self, Web Apps, Collection, Edge E Drop, Edge Hub App Usage, Edge Wallet, Encryption Keys}
{"logTime": "0523/042846", "correlationVector":"8q6+BzaF0TyHSoss7DlZZM.1","action":"SyncServerConnectionManagerRequest", "result":"SYNC_SERVER_OK", "context":{"environment":"Prod_EastUS2_000e", "migrationStage":"NotStarted", "server":"GENERAL0100002C"}}
{"logTime": "0523/042846", "correlationVector":"8q6+BzaF0TyHSoss7DlZZM.2","action":"GetUpdates Response", "result":"Success", "context":Received 47 update(s). cV=8q6+BzaF0TyHSoss7DlZZM.0;server=GENERAL0100002C;cloudType=Consumer;environment=Prod_EastUS2_000e;migrationStage=NotStarted}
